2022-09-19T19:06:23.989+0900 [DEBUG] [org.gradle.launcher.daemon.bootstrap.DaemonMain] Assuming the daemon was started with following jvm opts: [--add-opens, java.base/java.util=ALL-UNNAMED, --add-opens, java.base/java.lang=ALL-UNNAMED, --add-opens, java.base/java.lang.invoke=ALL-UNNAMED, --add-opens, java.base/java.util=ALL-UNNAMED, --add-opens, java.prefs/java.util.prefs=ALL-UNNAMED, --add-opens, java.prefs/java.util.prefs=ALL-UNNAMED, --add-opens, java.base/java.nio.charset=ALL-UNNAMED, --add-opens, java.base/java.net=ALL-UNNAMED, --add-opens, java.base/java.util.concurrent.atomic=ALL-UNNAMED, -XX:MaxMetaspaceSize=256m, -XX:+HeapDumpOnOutOfMemoryError, -Xms256m, -Xmx512m, -Dfile.encoding=UTF-8, -Duser.country=JP, -Duser.language=ja, -Duser.variant]
2022-09-19T19:06:26.043+0900 [INFO] [org.gradle.launcher.daemon.server.Daemon] start() called on daemon - DefaultDaemonContext[uid=771284ab-18c9-49a3-a403-cceff63c6960,javaHome=/Applications/Eclipse_2022-09.app/Contents/java/17/Home,daemonRegistryDir=/Volumes/js/js/work/current/katagiri/eclipse/shimoda/daemon,pid=2864,idleTimeout=10800000,priority=NORMAL,daemonOpts=--add-opens,java.base/java.util=ALL-UNNAMED,--add-opens,java.base/java.lang=ALL-UNNAMED,--add-opens,java.base/java.lang.invoke=ALL-UNNAMED,--add-opens,java.base/java.util=ALL-UNNAMED,--add-opens,java.prefs/java.util.prefs=ALL-UNNAMED,--add-opens,java.prefs/java.util.prefs=ALL-UNNAMED,--add-opens,java.base/java.nio.charset=ALL-UNNAMED,--add-opens,java.base/java.net=ALL-UNNAMED,--add-opens,java.base/java.util.concurrent.atomic=ALL-UNNAMED,-XX:MaxMetaspaceSize=256m,-XX:+HeapDumpOnOutOfMemoryError,-Xms256m,-Xmx512m,-Dfile.encoding=UTF-8,-Duser.country=JP,-Duser.language=ja,-Duser.variant]
2022-09-19T19:06:26.997+0900 [DEBUG] [org.gradle.internal.remote.internal.inet.InetAddresses] Adding IP addresses for network interface utun1
2022-09-19T19:06:27.035+0900 [DEBUG] [org.gradle.internal.remote.internal.inet.InetAddresses] Is this a loopback interface? false
2022-09-19T19:06:27.038+0900 [DEBUG] [org.gradle.internal.remote.internal.inet.InetAddresses] Adding remote address /fe80:0:0:0:826a:9ccf:2dff:3178%utun1
2022-09-19T19:06:27.039+0900 [DEBUG] [org.gradle.internal.remote.internal.inet.InetAddresses] Adding IP addresses for network interface utun0
2022-09-19T19:06:27.041+0900 [DEBUG] [org.gradle.internal.remote.internal.inet.InetAddresses] Is this a loopback interface? false
2022-09-19T19:06:27.059+0900 [DEBUG] [org.gradle.internal.remote.internal.inet.InetAddresses] Adding remote address /fe80:0:0:0:ae05:6ca6:fec7:3e89%utun0
2022-09-19T19:06:27.061+0900 [DEBUG] [org.gradle.internal.remote.internal.inet.InetAddresses] Adding IP addresses for network interface llw0
2022-09-19T19:06:27.063+0900 [DEBUG] [org.gradle.internal.remote.internal.inet.InetAddresses] Is this a loopback interface? false
2022-09-19T19:06:27.064+0900 [DEBUG] [org.gradle.internal.remote.internal.inet.InetAddresses] Adding remote address /fe80:0:0:0:4cd6:49ff:fe67:8ca1%llw0
2022-09-19T19:06:27.069+0900 [DEBUG] [org.gradle.internal.remote.internal.inet.InetAddresses] Adding IP addresses for network interface awdl0
2022-09-19T19:06:27.071+0900 [DEBUG] [org.gradle.internal.remote.internal.inet.InetAddresses] Is this a loopback interface? false
2022-09-19T19:06:27.074+0900 [DEBUG] [org.gradle.internal.remote.internal.inet.InetAddresses] Adding remote address /fe80:0:0:0:4cd6:49ff:fe67:8ca1%awdl0
2022-09-19T19:06:27.076+0900 [DEBUG] [org.gradle.internal.remote.internal.inet.InetAddresses] Adding IP addresses for network interface en4
2022-09-19T19:06:27.077+0900 [DEBUG] [org.gradle.internal.remote.internal.inet.InetAddresses] Is this a loopback interface? false
2022-09-19T19:06:27.103+0900 [DEBUG] [org.gradle.internal.remote.internal.inet.InetAddresses] Adding remote address /fe80:0:0:0:188c:6f20:b96b:794c%en4
2022-09-19T19:06:27.105+0900 [DEBUG] [org.gradle.internal.remote.internal.inet.InetAddresses] Adding remote address /169.254.159.89
2022-09-19T19:06:27.107+0900 [DEBUG] [org.gradle.internal.remote.internal.inet.InetAddresses] Adding IP addresses for network interface en0
2022-09-19T19:06:27.109+0900 [DEBUG] [org.gradle.internal.remote.internal.inet.InetAddresses] Is this a loopback interface? false
2022-09-19T19:06:27.110+0900 [DEBUG] [org.gradle.internal.remote.internal.inet.InetAddresses] Adding remote address /fe80:0:0:0:4bd:fa24:aa2b:7521%en0
2022-09-19T19:06:27.112+0900 [DEBUG] [org.gradle.internal.remote.internal.inet.InetAddresses] Adding remote address /192.168.0.51
2022-09-19T19:06:27.113+0900 [DEBUG] [org.gradle.internal.remote.internal.inet.InetAddresses] Adding IP addresses for network interface lo0
2022-09-19T19:06:27.131+0900 [DEBUG] [org.gradle.internal.remote.internal.inet.InetAddresses] Is this a loopback interface? true
2022-09-19T19:06:27.132+0900 [DEBUG] [org.gradle.internal.remote.internal.inet.InetAddresses] Ignoring remote address on loopback interface /fe80:0:0:0:0:0:0:1%lo0
2022-09-19T19:06:27.133+0900 [DEBUG] [org.gradle.internal.remote.internal.inet.InetAddresses] Adding loopback address /0:0:0:0:0:0:0:1%lo0
2022-09-19T19:06:27.135+0900 [DEBUG] [org.gradle.internal.remote.internal.inet.InetAddresses] Adding loopback address /127.0.0.1
2022-09-19T19:06:27.210+0900 [DEBUG] [org.gradle.internal.remote.internal.inet.TcpIncomingConnector] Listening on [b54ca4e7-476f-41c2-8bf8-cbe0dddb1912 port:58833, addresses:[localhost/127.0.0.1]].
2022-09-19T19:06:27.294+0900 [DEBUG] [org.gradle.launcher.daemon.server.Daemon] Daemon starting at: Mon Sep 19 19:06:27 JST 2022, with address: [b54ca4e7-476f-41c2-8bf8-cbe0dddb1912 port:58833, addresses:[localhost/127.0.0.1]]
2022-09-19T19:06:27.296+0900 [INFO] [org.gradle.launcher.daemon.server.DaemonRegistryUpdater] Advertising the daemon address to the clients: [b54ca4e7-476f-41c2-8bf8-cbe0dddb1912 port:58833, addresses:[localhost/127.0.0.1]]
2022-09-19T19:06:27.299+0900 [DEBUG] [org.gradle.launcher.daemon.server.DaemonRegistryUpdater] Advertised daemon context: DefaultDaemonContext[uid=771284ab-18c9-49a3-a403-cceff63c6960,javaHome=/Applications/Eclipse_2022-09.app/Contents/java/17/Home,daemonRegistryDir=/Volumes/js/js/work/current/katagiri/eclipse/shimoda/daemon,pid=2864,idleTimeout=10800000,priority=NORMAL,daemonOpts=--add-opens,java.base/java.util=ALL-UNNAMED,--add-opens,java.base/java.lang=ALL-UNNAMED,--add-opens,java.base/java.lang.invoke=ALL-UNNAMED,--add-opens,java.base/java.util=ALL-UNNAMED,--add-opens,java.prefs/java.util.prefs=ALL-UNNAMED,--add-opens,java.prefs/java.util.prefs=ALL-UNNAMED,--add-opens,java.base/java.nio.charset=ALL-UNNAMED,--add-opens,java.base/java.net=ALL-UNNAMED,--add-opens,java.base/java.util.concurrent.atomic=ALL-UNNAMED,-XX:MaxMetaspaceSize=256m,-XX:+HeapDumpOnOutOfMemoryError,-Xms256m,-Xmx512m,-Dfile.encoding=UTF-8,-Duser.country=JP,-Duser.language=ja,-Duser.variant]
2022-09-19T19:06:27.328+0900 [DEBUG] [org.gradle.launcher.daemon.registry.PersistentDaemonRegistry] Storing daemon address: [b54ca4e7-476f-41c2-8bf8-cbe0dddb1912 port:58833, addresses:[localhost/127.0.0.1]], context: DefaultDaemonContext[uid=771284ab-18c9-49a3-a403-cceff63c6960,javaHome=/Applications/Eclipse_2022-09.app/Contents/java/17/Home,daemonRegistryDir=/Volumes/js/js/work/current/katagiri/eclipse/shimoda/daemon,pid=2864,idleTimeout=10800000,priority=NORMAL,daemonOpts=--add-opens,java.base/java.util=ALL-UNNAMED,--add-opens,java.base/java.lang=ALL-UNNAMED,--add-opens,java.base/java.lang.invoke=ALL-UNNAMED,--add-opens,java.base/java.util=ALL-UNNAMED,--add-opens,java.prefs/java.util.prefs=ALL-UNNAMED,--add-opens,java.prefs/java.util.prefs=ALL-UNNAMED,--add-opens,java.base/java.nio.charset=ALL-UNNAMED,--add-opens,java.base/java.net=ALL-UNNAMED,--add-opens,java.base/java.util.concurrent.atomic=ALL-UNNAMED,-XX:MaxMetaspaceSize=256m,-XX:+HeapDumpOnOutOfMemoryError,-Xms256m,-Xmx512m,-Dfile.encoding=UTF-8,-Duser.country=JP,-Duser.language=ja,-Duser.variant]
2022-09-19T19:06:27.610+0900 [DEBUG] [org.gradle.cache.internal.DefaultFileLockManager] Waiting to acquire exclusive lock on daemon addresses registry.
2022-09-19T19:06:27.654+0900 [DEBUG] [org.gradle.cache.internal.DefaultFileLockManager] Lock acquired on daemon addresses registry.
2022-09-19T19:06:27.713+0900 [DEBUG] [org.gradle.cache.internal.DefaultFileLockManager] Releasing lock on daemon addresses registry.
2022-09-19T19:06:27.715+0900 [LIFECYCLE] [org.gradle.launcher.daemon.server.Daemon] Daemon server started.
2022-09-19T19:06:27.747+0900 [DEBUG] [org.gradle.launcher.daemon.bootstrap.DaemonStartupCommunication] Completed writing the daemon greeting. Closing streams...
2022-09-19T19:06:27.807+0900 [DEBUG] [org.gradle.launcher.daemon.server.Daemon] stopOnExpiration() called on daemon
2022-09-19T19:06:27.882+0900 [DEBUG] [org.gradle.launcher.daemon.server.Daemon] awaitExpiration() called on daemon
2022-09-19T19:06:27.885+0900 [DEBUG] [org.gradle.launcher.daemon.server.DaemonStateCoordinator] daemon is running. Sleeping until state changes.
2022-09-19T19:06:27.974+0900 [DEBUG] [org.gradle.internal.remote.internal.inet.TcpIncomingConnector] Accepted connection from /127.0.0.1:58836 to /127.0.0.1:58833.
2022-09-19T19:06:28.218+0900 [DEBUG] [org.gradle.launcher.daemon.server.SynchronizedDispatchConnection] thread 21: received class org.gradle.launcher.daemon.protocol.Build
2022-09-19T19:06:28.220+0900 [DEBUG] [org.gradle.launcher.daemon.server.DefaultDaemonConnection] thread 21: Received non-IO message from client: Build{id=ebe7e7a0-1d5f-4aa7-9724-39774008ae0c, currentDir=/Applications/Eclipse_2022-09.app/Contents/MacOS}
2022-09-19T19:06:28.225+0900 [INFO] [org.gradle.launcher.daemon.server.DefaultIncomingConnectionHandler] Received command: Build{id=ebe7e7a0-1d5f-4aa7-9724-39774008ae0c, currentDir=/Applications/Eclipse_2022-09.app/Contents/MacOS}.
2022-09-19T19:06:28.227+0900 [DEBUG] [org.gradle.launcher.daemon.server.DefaultIncomingConnectionHandler] Starting executing command: Build{id=ebe7e7a0-1d5f-4aa7-9724-39774008ae0c, currentDir=/Applications/Eclipse_2022-09.app/Contents/MacOS} with connection: socket connection from /127.0.0.1:58833 to /127.0.0.1:58836.
2022-09-19T19:06:28.239+0900 [DEBUG] [org.gradle.launcher.daemon.server.DaemonStateCoordinator] Command execution: started DaemonCommandExecution[command = Build{id=ebe7e7a0-1d5f-4aa7-9724-39774008ae0c, currentDir=/Applications/Eclipse_2022-09.app/Contents/MacOS}, connection = DefaultDaemonConnection: socket connection from /127.0.0.1:58833 to /127.0.0.1:58836] after 0.0 minutes of idle
2022-09-19T19:06:28.240+0900 [INFO] [org.gradle.launcher.daemon.server.DaemonRegistryUpdater] Marking the daemon as busy, address: [b54ca4e7-476f-41c2-8bf8-cbe0dddb1912 port:58833, addresses:[localhost/127.0.0.1]]
2022-09-19T19:06:28.241+0900 [DEBUG] [org.gradle.launcher.daemon.registry.PersistentDaemonRegistry] Marking busy by address: [b54ca4e7-476f-41c2-8bf8-cbe0dddb1912 port:58833, addresses:[localhost/127.0.0.1]]
2022-09-19T19:06:28.246+0900 [DEBUG] [org.gradle.cache.internal.DefaultFileLockManager] Waiting to acquire exclusive lock on daemon addresses registry.
2022-09-19T19:06:28.248+0900 [DEBUG] [org.gradle.cache.internal.DefaultFileLockManager] Lock acquired on daemon addresses registry.
2022-09-19T19:06:28.255+0900 [DEBUG] [org.gradle.cache.internal.DefaultFileLockManager] Releasing lock on daemon addresses registry.
2022-09-19T19:06:28.258+0900 [DEBUG] [org.gradle.launcher.daemon.server.DaemonStateCoordinator] resetting idle timer
2022-09-19T19:06:28.259+0900 [DEBUG] [org.gradle.launcher.daemon.server.DaemonStateCoordinator] daemon is running. Sleeping until state changes.
2022-09-19T19:06:28.261+0900 [INFO] [org.gradle.launcher.daemon.server.exec.StartBuildOrRespondWithBusy] Daemon is about to start building Build{id=ebe7e7a0-1d5f-4aa7-9724-39774008ae0c, currentDir=/Applications/Eclipse_2022-09.app/Contents/MacOS}. Dispatching build started information...
2022-09-19T19:06:28.263+0900 [DEBUG] [org.gradle.launcher.daemon.server.SynchronizedDispatchConnection] thread 23: dispatching org.gradle.launcher.daemon.protocol.BuildStarted@f894f60
2022-09-19T19:06:28.277+0900 [DEBUG] [org.gradle.launcher.daemon.server.exec.EstablishBuildEnvironment] Configuring env variables: [PATH, __CFBundleIdentifier, SHELL, USER, TMPDIR, COMMAND_MODE, SSH_AUTH_SOCK, DISPLAY, XPC_FLAGS, APP_ICON_94451, __CF_USER_TEXT_ENCODING, JAVA_STARTED_ON_FIRST_THREAD_94451, LOGNAME, XPC_SERVICE_NAME, HOME]
2022-09-19T19:06:28.295+0900 [DEBUG] [org.gradle.launcher.daemon.server.exec.LogToClient] About to start relaying all logs to the client via the connection.
2022-09-19T19:06:28.296+0900 [INFO] [org.gradle.launcher.daemon.server.exec.LogToClient] The client will now receive all logging from the daemon (pid: 2864). The daemon log file: /Volumes/js/js/work/current/katagiri/eclipse/shimoda/daemon/7.5/daemon-2864.out.log
2022-09-19T19:06:28.304+0900 [INFO] [org.gradle.launcher.daemon.server.exec.LogAndCheckHealth] Starting build in new daemon [memory: 512 MiB]
2022-09-19T19:06:28.333+0900 [DEBUG] [org.gradle.launcher.daemon.server.exec.ExecuteBuild] The daemon has started executing the build.
2022-09-19T19:06:28.335+0900 [DEBUG] [org.gradle.launcher.daemon.server.exec.ExecuteBuild] Executing build with daemon context: DefaultDaemonContext[uid=771284ab-18c9-49a3-a403-cceff63c6960,javaHome=/Applications/Eclipse_2022-09.app/Contents/java/17/Home,daemonRegistryDir=/Volumes/js/js/work/current/katagiri/eclipse/shimoda/daemon,pid=2864,idleTimeout=10800000,priority=NORMAL,daemonOpts=--add-opens,java.base/java.util=ALL-UNNAMED,--add-opens,java.base/java.lang=ALL-UNNAMED,--add-opens,java.base/java.lang.invoke=ALL-UNNAMED,--add-opens,java.base/java.util=ALL-UNNAMED,--add-opens,java.prefs/java.util.prefs=ALL-UNNAMED,--add-opens,java.prefs/java.util.prefs=ALL-UNNAMED,--add-opens,java.base/java.nio.charset=ALL-UNNAMED,--add-opens,java.base/java.net=ALL-UNNAMED,--add-opens,java.base/java.util.concurrent.atomic=ALL-UNNAMED,-XX:MaxMetaspaceSize=256m,-XX:+HeapDumpOnOutOfMemoryError,-Xms256m,-Xmx512m,-Dfile.encoding=UTF-8,-Duser.country=JP,-Duser.language=ja,-Duser.variant]

------------------------------------------------------------
Tasks runnable from root project 'shimoda'
------------------------------------------------------------

Application tasks
-----------------
bootRun - Runs this project as a Spring Boot application.

Build tasks
-----------
assemble - Assembles the outputs of this project.
bootBuildImage - Builds an OCI image of the application using the output of the bootJar task
bootJar - Assembles an executable jar archive containing the main classes and their dependencies.
bootJarMainClassName - Resolves the name of the application's main class for the bootJar task.
bootRunMainClassName - Resolves the name of the application's main class for the bootRun task.
build - Assembles and tests this project.
buildDependents - Assembles and tests this project and all projects that depend on it.
buildNeeded - Assembles and tests this project and all projects it depends on.
classes - Assembles main classes.
clean - Deletes the build directory.
jar - Assembles a jar archive containing the main classes.
testClasses - Assembles test classes.

Build Setup tasks
-----------------
init - Initializes a new Gradle build.
wrapper - Generates Gradle wrapper files.

Documentation tasks
-------------------
javadoc - Generates Javadoc API documentation for the main source code.

Help tasks
----------
buildEnvironment - Displays all buildscript dependencies declared in root project 'shimoda'.
dependencies - Displays all dependencies declared in root project 'shimoda'.
dependencyInsight - Displays the insight into a specific dependency in root project 'shimoda'.
dependencyManagement - Displays the dependency management declared in root project 'shimoda'.
help - Displays a help message.
javaToolchains - Displays the detected java toolchains.
outgoingVariants - Displays the outgoing variants of root project 'shimoda'.
projects - Displays the sub-projects of root project 'shimoda'.
properties - Displays the properties of root project 'shimoda'.
resolvableConfigurations - Displays the configurations that can be resolved in root project 'shimoda'.
tasks - Displays the tasks runnable from root project 'shimoda'.

IDE tasks
---------
cleanEclipse - Cleans all Eclipse files.
eclipse - Generates all Eclipse files.

Verification tasks
------------------
check - Runs all checks.
test - Runs the test suite.

Rules
-----
Pattern: clean<TaskName>: Cleans the output files of a task.
Pattern: build<ConfigurationName>: Assembles the artifacts of a configuration.

To see all tasks and more detail, run gradle tasks --all

To see more detail about a task, run gradle help --task <task>

BUILD SUCCESSFUL in 4m 10s
1 actionable task: 1 executed
2022-09-19T19:10:22.294+0900 [DEBUG] [org.gradle.launcher.daemon.server.exec.ExecuteBuild] The daemon has finished executing the build.
2022-09-19T19:10:22.301+0900 [DEBUG] [org.gradle.launcher.daemon.server.DaemonStateCoordinator] daemon is running. Sleeping until state changes.
2022-09-19T19:10:22.304+0900 [DEBUG] [org.gradle.launcher.daemon.server.DaemonStateCoordinator] Command execution: finished waiting for DaemonCommandExecution[command = Build{id=ebe7e7a0-1d5f-4aa7-9724-39774008ae0c, currentDir=/Applications/Eclipse_2022-09.app/Contents/MacOS}, connection = DefaultDaemonConnection: socket connection from /127.0.0.1:58833 to /127.0.0.1:58836]. Result org.gradle.launcher.daemon.server.DaemonStateCoordinator@973d999 with state Busy
2022-09-19T19:10:22.306+0900 [DEBUG] [org.gradle.launcher.daemon.server.DaemonStateCoordinator] Command execution: completed DaemonCommandExecution[command = Build{id=ebe7e7a0-1d5f-4aa7-9724-39774008ae0c, currentDir=/Applications/Eclipse_2022-09.app/Contents/MacOS}, connection = DefaultDaemonConnection: socket connection from /127.0.0.1:58833 to /127.0.0.1:58836]
2022-09-19T19:10:22.306+0900 [DEBUG] [org.gradle.launcher.daemon.server.DaemonStateCoordinator] resetting idle timer
2022-09-19T19:10:22.307+0900 [INFO] [org.gradle.launcher.daemon.server.DaemonRegistryUpdater] Marking the daemon as idle, address: [b54ca4e7-476f-41c2-8bf8-cbe0dddb1912 port:58833, addresses:[localhost/127.0.0.1]]
2022-09-19T19:10:22.308+0900 [DEBUG] [org.gradle.launcher.daemon.registry.PersistentDaemonRegistry] Marking busy by address: [b54ca4e7-476f-41c2-8bf8-cbe0dddb1912 port:58833, addresses:[localhost/127.0.0.1]]
2022-09-19T19:10:22.310+0900 [DEBUG] [org.gradle.cache.internal.DefaultFileLockManager] Waiting to acquire exclusive lock on daemon addresses registry.
2022-09-19T19:10:22.312+0900 [DEBUG] [org.gradle.cache.internal.DefaultFileLockManager] Lock acquired on daemon addresses registry.
2022-09-19T19:10:22.316+0900 [DEBUG] [org.gradle.cache.internal.DefaultFileLockManager] Releasing lock on daemon addresses registry.
2022-09-19T19:10:22.318+0900 [DEBUG] [org.gradle.launcher.daemon.server.DaemonStateCoordinator] daemon is running. Sleeping until state changes.
2022-09-19T19:10:22.319+0900 [DEBUG] [org.gradle.launcher.daemon.server.exec.ReturnResult] Daemon is dispatching the build result: Success[value=org.gradle.launcher.exec.BuildActionResult@6e7a807e]
2022-09-19T19:10:22.320+0900 [DEBUG] [org.gradle.launcher.daemon.server.SynchronizedDispatchConnection] thread 20: dispatching Success[value=org.gradle.launcher.exec.BuildActionResult@6e7a807e]
2022-09-19T19:10:22.323+0900 [DEBUG] [org.gradle.launcher.daemon.server.DefaultIncomingConnectionHandler] Finishing executing command: Build{id=ebe7e7a0-1d5f-4aa7-9724-39774008ae0c, currentDir=/Applications/Eclipse_2022-09.app/Contents/MacOS}
2022-09-19T19:10:22.323+0900 [DEBUG] [org.gradle.launcher.daemon.server.SynchronizedDispatchConnection] thread 21: received class org.gradle.launcher.daemon.protocol.CloseInput
2022-09-19T19:10:22.325+0900 [DEBUG] [org.gradle.launcher.daemon.server.DefaultDaemonConnection] thread 21: Received IO message from client: org.gradle.launcher.daemon.protocol.CloseInput@7cbad2b3
2022-09-19T19:10:22.326+0900 [DEBUG] [org.gradle.launcher.daemon.server.SynchronizedDispatchConnection] thread 21: received class org.gradle.launcher.daemon.protocol.Finished
2022-09-19T19:10:22.327+0900 [DEBUG] [org.gradle.launcher.daemon.server.DefaultDaemonConnection] thread 21: Received non-IO message from client: org.gradle.launcher.daemon.protocol.Finished@3250bf4
2022-09-19T19:10:22.328+0900 [DEBUG] [org.gradle.launcher.daemon.server.DefaultIncomingConnectionHandler] Received finished message: org.gradle.launcher.daemon.protocol.Finished@3250bf4
2022-09-19T19:10:22.329+0900 [DEBUG] [org.gradle.launcher.daemon.server.SynchronizedDispatchConnection] thread 20: stopping connection
2022-09-19T19:10:22.329+0900 [DEBUG] [org.gradle.internal.remote.internal.inet.SocketConnection] Discarding EOFException: java.io.EOFException
2022-09-19T19:10:22.330+0900 [DEBUG] [org.gradle.launcher.daemon.server.SynchronizedDispatchConnection] thread 21: received null
2022-09-19T19:10:22.331+0900 [DEBUG] [org.gradle.launcher.daemon.server.DefaultDaemonConnection] thread 21: Received end-of-input from client.
2022-09-19T19:10:22.342+0900 [DEBUG] [org.gradle.launcher.daemon.server.SynchronizedDispatchConnection] thread 20: stopping connection
2022-09-19T19:10:27.888+0900 [DEBUG] [org.gradle.cache.internal.DefaultFileLockManager] Waiting to acquire shared lock on daemon addresses registry.
2022-09-19T19:10:27.889+0900 [DEBUG] [org.gradle.cache.internal.DefaultFileLockManager] Lock acquired on daemon addresses registry.
2022-09-19T19:10:27.890+0900 [DEBUG] [org.gradle.cache.internal.DefaultFileLockManager] Releasing lock on daemon addresses registry.
2022-09-19T19:10:27.896+0900 [DEBUG] [org.gradle.cache.internal.DefaultFileLockManager] Waiting to acquire shared lock on daemon addresses registry.
2022-09-19T19:10:27.897+0900 [DEBUG] [org.gradle.cache.internal.DefaultFileLockManager] Lock acquired on daemon addresses registry.
2022-09-19T19:10:27.899+0900 [DEBUG] [org.gradle.cache.internal.DefaultFileLockManager] Releasing lock on daemon addresses registry.
2022-09-19T19:10:37.886+0900 [DEBUG] [org.gradle.cache.internal.DefaultFileLockManager] Waiting to acquire shared lock on daemon addresses registry.
2022-09-19T19:10:37.888+0900 [DEBUG] [org.gradle.cache.internal.DefaultFileLockManager] Lock acquired on daemon addresses registry.
2022-09-19T19:10:37.890+0900 [DEBUG] [org.gradle.cache.internal.DefaultFileLockManager] Releasing lock on daemon addresses registry.
2022-09-19T19:10:37.894+0900 [DEBUG] [org.gradle.cache.internal.DefaultFileLockManager] Waiting to acquire shared lock on daemon addresses registry.
2022-09-19T19:10:37.895+0900 [DEBUG] [org.gradle.cache.internal.DefaultFileLockManager] Lock acquired on daemon addresses registry.
2022-09-19T19:10:37.896+0900 [DEBUG] [org.gradle.cache.internal.DefaultFileLockManager] Releasing lock on daemon addresses registry.
2022-09-19T19:10:37.901+0900 [DEBUG] [org.gradle.cache.internal.DefaultFileLockManager] Waiting to acquire shared lock on daemon addresses registry.
2022-09-19T19:10:37.902+0900 [DEBUG] [org.gradle.cache.internal.DefaultFileLockManager] Lock acquired on daemon addresses registry.
2022-09-19T19:10:37.904+0900 [DEBUG] [org.gradle.cache.internal.DefaultFileLockManager] Releasing lock on daemon addresses registry.
2022-09-19T19:10:37.907+0900 [DEBUG] [org.gradle.cache.internal.DefaultFileLockManager] Waiting to acquire shared lock on daemon addresses registry.
2022-09-19T19:10:37.908+0900 [DEBUG] [org.gradle.cache.internal.DefaultFileLockManager] Lock acquired on daemon addresses registry.
2022-09-19T19:10:37.909+0900 [DEBUG] [org.gradle.cache.internal.DefaultFileLockManager] Releasing lock on daemon addresses registry.
2022-09-19T19:10:37.910+0900 [DEBUG] [org.gradle.launcher.daemon.server.DaemonRegistryUpdater] Storing daemon stop event: other compatible daemons were started and after being idle for 0 minutes and not recently used
2022-09-19T19:10:37.914+0900 [DEBUG] [org.gradle.launcher.daemon.registry.PersistentDaemonRegistry] Storing daemon stop event with timestamp 1663582237912
2022-09-19T19:10:37.918+0900 [DEBUG] [org.gradle.cache.internal.DefaultFileLockManager] Waiting to acquire exclusive lock on daemon addresses registry.
2022-09-19T19:10:37.919+0900 [DEBUG] [org.gradle.cache.internal.DefaultFileLockManager] Lock acquired on daemon addresses registry.
2022-09-19T19:10:37.923+0900 [DEBUG] [org.gradle.cache.internal.DefaultFileLockManager] Releasing lock on daemon addresses registry.
2022-09-19T19:10:37.925+0900 [LIFECYCLE] [org.gradle.launcher.daemon.server.DaemonStateCoordinator] Daemon will be stopped at the end of the build other compatible daemons were started and after being idle for 0 minutes and not recently used
2022-09-19T19:10:37.926+0900 [DEBUG] [org.gradle.launcher.daemon.server.DaemonStateCoordinator] Marking daemon stopped due to other compatible daemons were started and after being idle for 0 minutes and not recently used. The daemon is running a build: false
2022-09-19T19:10:37.926+0900 [DEBUG] [org.gradle.launcher.daemon.server.DaemonStateCoordinator] daemon has stopped.
2022-09-19T19:10:37.927+0900 [DEBUG] [org.gradle.launcher.daemon.server.Daemon] stop() called on daemon
2022-09-19T19:10:37.928+0900 [INFO] [org.gradle.launcher.daemon.server.Daemon] Stop requested. Daemon is removing its presence from the registry...
2022-09-19T19:10:37.930+0900 [DEBUG] [org.gradle.launcher.daemon.server.DaemonRegistryUpdater] Removing our presence to clients, eg. removing this address from the registry: [b54ca4e7-476f-41c2-8bf8-cbe0dddb1912 port:58833, addresses:[localhost/127.0.0.1]]
2022-09-19T19:10:37.931+0900 [DEBUG] [org.gradle.launcher.daemon.registry.PersistentDaemonRegistry] Removing daemon address: [b54ca4e7-476f-41c2-8bf8-cbe0dddb1912 port:58833, addresses:[localhost/127.0.0.1]]
2022-09-19T19:10:37.934+0900 [DEBUG] [org.gradle.cache.internal.DefaultFileLockManager] Waiting to acquire exclusive lock on daemon addresses registry.
2022-09-19T19:10:37.935+0900 [DEBUG] [org.gradle.cache.internal.DefaultFileLockManager] Lock acquired on daemon addresses registry.
2022-09-19T19:10:37.939+0900 [DEBUG] [org.gradle.cache.internal.DefaultFileLockManager] Releasing lock on daemon addresses registry.
2022-09-19T19:10:37.941+0900 [DEBUG] [org.gradle.launcher.daemon.server.DaemonRegistryUpdater] Address removed from registry.
2022-09-19T19:10:37.954+0900 [DEBUG] [org.gradle.cache.internal.LockOnDemandCrossProcessCacheAccess] Releasing file lock for jars (/Volumes/js/js/work/current/katagiri/eclipse/shimoda/caches/jars-9)
2022-09-19T19:10:37.955+0900 [DEBUG] [org.gradle.cache.internal.DefaultFileLockManager] Releasing lock on jars (/Volumes/js/js/work/current/katagiri/eclipse/shimoda/caches/jars-9).
2022-09-19T19:10:37.957+0900 [DEBUG] [org.gradle.cache.internal.DefaultCacheAccess] Cache jars (/Volumes/js/js/work/current/katagiri/eclipse/shimoda/caches/jars-9) was closed 4 times.
2022-09-19T19:10:37.959+0900 [DEBUG] [org.gradle.cache.internal.DefaultCacheAccess] Cache Artifact transforms cache (/Volumes/js/js/work/current/katagiri/eclipse/shimoda/caches/transforms-3) was closed 0 times.
2022-09-19T19:10:37.973+0900 [DEBUG] [org.gradle.cache.internal.LockOnDemandCrossProcessCacheAccess] Releasing file lock for file content cache (/Volumes/js/js/work/current/katagiri/eclipse/shimoda/caches/7.5/fileContent)
2022-09-19T19:10:37.974+0900 [DEBUG] [org.gradle.cache.internal.DefaultFileLockManager] Releasing lock on file content cache (/Volumes/js/js/work/current/katagiri/eclipse/shimoda/caches/7.5/fileContent).
2022-09-19T19:10:37.975+0900 [DEBUG] [org.gradle.cache.internal.DefaultCacheAccess] Cache file content cache (/Volumes/js/js/work/current/katagiri/eclipse/shimoda/caches/7.5/fileContent) was closed 2 times.
2022-09-19T19:10:37.976+0900 [DEBUG] [org.gradle.internal.watch.vfs.impl.WatchingVirtualFileSystem] Closing VFS, dropping state
2022-09-19T19:10:37.982+0900 [DEBUG] [org.gradle.cache.internal.DefaultCacheAccess] Cache Generated Gradle JARs cache (/Volumes/js/js/work/current/katagiri/eclipse/shimoda/caches/7.5/generated-gradle-jars) was closed 0 times.
2022-09-19T19:10:37.982+0900 [DEBUG] [org.gradle.internal.watch.registry.impl.DefaultFileWatcherRegistry] Finished listening to file system change events
2022-09-19T19:10:37.983+0900 [DEBUG] [org.gradle.cache.internal.LockOnDemandCrossProcessCacheAccess] Releasing file lock for artifact cache (/Volumes/js/js/work/current/katagiri/eclipse/shimoda/caches/modules-2)
2022-09-19T19:10:37.984+0900 [DEBUG] [org.gradle.cache.internal.DefaultFileLockManager] Releasing lock on artifact cache (/Volumes/js/js/work/current/katagiri/eclipse/shimoda/caches/modules-2).
2022-09-19T19:10:37.986+0900 [DEBUG] [org.gradle.cache.internal.DefaultCacheAccess] Cache artifact cache (/Volumes/js/js/work/current/katagiri/eclipse/shimoda/caches/modules-2) was closed 47 times.
2022-09-19T19:10:37.998+0900 [DEBUG] [org.gradle.cache.internal.LockOnDemandCrossProcessCacheAccess] Releasing file lock for journal cache (/Volumes/js/js/work/current/katagiri/eclipse/shimoda/caches/journal-1)
2022-09-19T19:10:37.999+0900 [DEBUG] [org.gradle.cache.internal.btree.BTreePersistentIndexedCache] Closing cache file-access.bin (/Volumes/js/js/work/current/katagiri/eclipse/shimoda/caches/journal-1/file-access.bin)
2022-09-19T19:10:38.000+0900 [DEBUG] [org.gradle.cache.internal.DefaultFileLockManager] Releasing lock on journal cache (/Volumes/js/js/work/current/katagiri/eclipse/shimoda/caches/journal-1).
2022-09-19T19:10:38.001+0900 [DEBUG] [org.gradle.cache.internal.DefaultCacheAccess] Cache journal cache (/Volumes/js/js/work/current/katagiri/eclipse/shimoda/caches/journal-1) was closed 21 times.
2022-09-19T19:10:38.013+0900 [DEBUG] [org.gradle.cache.internal.LockOnDemandCrossProcessCacheAccess] Releasing file lock for file hash cache (/Volumes/js/js/work/current/katagiri/eclipse/shimoda/caches/7.5/fileHashes)
2022-09-19T19:10:38.014+0900 [DEBUG] [org.gradle.cache.internal.btree.BTreePersistentIndexedCache] Closing cache fileHashes.bin (/Volumes/js/js/work/current/katagiri/eclipse/shimoda/caches/7.5/fileHashes/fileHashes.bin)
2022-09-19T19:10:38.015+0900 [DEBUG] [org.gradle.cache.internal.btree.BTreePersistentIndexedCache] Closing cache resourceHashesCache.bin (/Volumes/js/js/work/current/katagiri/eclipse/shimoda/caches/7.5/fileHashes/resourceHashesCache.bin)
2022-09-19T19:10:38.016+0900 [DEBUG] [org.gradle.cache.internal.DefaultFileLockManager] Releasing lock on file hash cache (/Volumes/js/js/work/current/katagiri/eclipse/shimoda/caches/7.5/fileHashes).
2022-09-19T19:10:38.017+0900 [DEBUG] [org.gradle.cache.internal.DefaultCacheAccess] Cache file hash cache (/Volumes/js/js/work/current/katagiri/eclipse/shimoda/caches/7.5/fileHashes) was closed 6 times.
2022-09-19T19:10:38.029+0900 [DEBUG] [org.gradle.cache.internal.LockOnDemandCrossProcessCacheAccess] Releasing file lock for execution history cache (/Volumes/js/js/work/current/katagiri/eclipse/shimoda/caches/7.5/executionHistory)
2022-09-19T19:10:38.030+0900 [DEBUG] [org.gradle.cache.internal.DefaultFileLockManager] Releasing lock on execution history cache (/Volumes/js/js/work/current/katagiri/eclipse/shimoda/caches/7.5/executionHistory).
2022-09-19T19:10:38.124+0900 [DEBUG] [org.gradle.cache.internal.VersionSpecificCacheCleanupAction] Processed version-specific caches at /Volumes/js/js/work/current/katagiri/eclipse/shimoda/caches for cleanup in 0.091 secs
Daemon vm is shutting down... The daemon has exited normally or was terminated in response to a user interrupt.
2022-09-19T19:10:38.218+0900 [DEBUG] [org.gradle.launcher.daemon.registry.PersistentDaemonRegistry] Removing daemon address: [b54ca4e7-476f-41c2-8bf8-cbe0dddb1912 port:58833, addresses:[localhost/127.0.0.1]]
2022-09-19T19:10:38.221+0900 [DEBUG] [org.gradle.cache.internal.DefaultFileLockManager] Waiting to acquire exclusive lock on daemon addresses registry.
2022-09-19T19:10:38.222+0900 [DEBUG] [org.gradle.cache.internal.DefaultFileLockManager] Lock acquired on daemon addresses registry.
2022-09-19T19:10:38.225+0900 [DEBUG] [org.gradle.cache.internal.DefaultFileLockManager] Releasing lock on daemon addresses registry.
